{
  "RSpec": {
    "coverage": {
      "/Users/wdi/Documents/final_project/congrs_app/app/helpers/application_helper.rb": [
        1,
        null
      ],
      "/Users/wdi/Documents/final_project/congrs_app/app/helpers/representatives_helper.rb": [
        1,
        null
      ],
      "/Users/wdi/Documents/final_project/congrs_app/app/controllers/representatives_controller.rb": [
        1,
        1,
        null,
        null,
        null,
        1,
        0,
        null,
        null,
        null,
        null,
        1,
        null,
        null,
        null,
        1,
        0,
        null,
        null,
        null,
        1,
        null,
        null,
        null,
        null,
        1,
        0,
        null,
        0,
        0,
        0,
        0,
        null,
        0,
        0,
        null,
        null,
        null,
        null,
        null,
        null,
        1,
        5,
        5,
        4,
        2,
        null,
        6,
        3,
        null,
        null,
        null,
        null,
        null,
        null,
        1,
        2,
        2,
        4,
        2,
        null,
        null,
        null,
        1,
        0,
        0,
        null,
        null,
        1,
        null,
        1,
        9,
        null,
        null,
        null,
        1,
        5,
        null,
        null
      ],
      "/Users/wdi/Documents/final_project/congrs_app/app/controllers/application_controller.rb": [
        1,
        null,
        null,
        1,
        null
      ],
      "/Users/wdi/Documents/final_project/congrs_app/app/models/representative.rb": [
        1,
        null,
        1,
        null,
        null,
        null
      ],
      "/Users/wdi/Documents/final_project/congrs_app/app/models/senator.rb": [
        1,
        null,
        1,
        null,
        null
      ],
      "/Users/wdi/Documents/final_project/congrs_app/app/models/state.rb": [
        1,
        null,
        1,
        1,
        null,
        null
      ]
    },
    "timestamp": 1400026562
  }
}
